# JRE version: Java(TM) SE Runtime Environment (8.0_91-b15) (build 1.8.0_91-b15)
# Java VM: Java HotSpot(TM) 64-Bit Server VM (25.91-b15 mixed mode windows-amd64 compressed oops)
Heap:
 PSYoungGen      total 604672K, used 143794K [0x00000000d5c00000, 0x00000000fef00000, 0x0000000100000000)
  eden space 566272K, 22% used [0x00000000d5c00000,0x00000000dd9ac410,0x00000000f8500000)
  from space 38400K, 39% used [0x00000000fc980000,0x00000000fd840488,0x00000000fef00000)
  to   space 54272K, 0% used [0x00000000f8500000,0x00000000f8500000,0x00000000fba00000)
 ParOldGen       total 139776K, used 80303K [0x0000000081400000, 0x0000000089c80000, 0x00000000d5c00000)
  object space 139776K, 57% used [0x0000000081400000,0x000000008626bd68,0x0000000089c80000)
 Metaspace       used 71664K, capacity 73365K, committed 73472K, reserved 1114112K
  class space    used 8368K, capacity 8688K, committed 8704K, reserved 1048576K
GC Heap History (10 events):
Event: 1221.051 GC heap before
{Heap before GC invocations=34 (full 6):
 PSYoungGen      total 636416K, used 37427K [0x00000000d5c00000, 0x0000000100000000, 0x0000000100000000)
  eden space 590848K, 0% used [0x00000000d5c00000,0x00000000d5c00000,0x00000000f9d00000)
  from space 45568K, 82% used [0x00000000fd380000,0x00000000ff80cfe0,0x0000000100000000)
  to   space 50688K, 0% used [0x00000000f9d00000,0x00000000f9d00000,0x00000000fce80000)
 ParOldGen       total 139776K, used 44605K [0x0000000081400000, 0x0000000089c80000, 0x00000000d5c00000)
  object space 139776K, 31% used [0x0000000081400000,0x0000000083f8f578,0x0000000089c80000)
 Metaspace       used 69713K, capacity 71113K, committed 71168K, reserved 1112064K
  class space    used 8172K, capacity 8426K, committed 8448K, reserved 1048576K
Event: 1221.539 GC heap after
Heap after GC invocations=34 (full 6):
 PSYoungGen      total 636416K, used 0K [0x00000000d5c00000, 0x0000000100000000, 0x0000000100000000)
  eden space 590848K, 0% used [0x00000000d5c00000,0x00000000d5c00000,0x00000000f9d00000)
  from space 45568K, 0% used [0x00000000fd380000,0x00000000fd380000,0x0000000100000000)
  to   space 50688K, 0% used [0x00000000f9d00000,0x00000000f9d00000,0x00000000fce80000)
 ParOldGen       total 139776K, used 80279K [0x0000000081400000, 0x0000000089c80000, 0x00000000d5c00000)
  object space 139776K, 57% used [0x0000000081400000,0x0000000086265d68,0x0000000089c80000)
 Metaspace       used 69705K, capacity 71101K, committed 71168K, reserved 1112064K
  class space    used 8171K, capacity 8424K, committed 8448K, reserved 1048576K
}
Event: 1224.106 GC heap before
{Heap before GC invocations=35 (full 6):
 PSYoungGen      total 636416K, used 590848K [0x00000000d5c00000, 0x0000000100000000, 0x0000000100000000)
  eden space 590848K, 100% used [0x00000000d5c00000,0x00000000f9d00000,0x00000000f9d00000)
  from space 45568K, 0% used [0x00000000fd380000,0x00000000fd380000,0x0000000100000000)
  to   space 50688K, 0% used [0x00000000f9d00000,0x00000000f9d00000,0x00000000fce80000)
 ParOldGen       total 139776K, used 80279K [0x0000000081400000, 0x0000000089c80000, 0x00000000d5c00000)
  object space 139776K, 57% used [0x0000000081400000,0x0000000086265d68,0x0000000089c80000)
 Metaspace       used 70377K, capacity 71915K, committed 72064K, reserved 1112064K
  class space    used 8254K, capacity 8537K, committed 8576K, reserved 1048576K
Event: 1224.119 GC heap after
Heap after GC invocations=35 (full 6):
 PSYoungGen      total 641536K, used 19339K [0x00000000d5c00000, 0x0000000100000000, 0x0000000100000000)
  eden space 590848K, 0% used [0x00000000d5c00000,0x00000000d5c00000,0x00000000f9d00000)
  from space 50688K, 38% used [0x00000000f9d00000,0x00000000fafe2ed0,0x00000000fce80000)
  to   space 48128K, 0% used [0x00000000fd100000,0x00000000fd100000,0x0000000100000000)
 ParOldGen       total 139776K, used 80287K [0x0000000081400000, 0x0000000089c80000, 0x00000000d5c00000)
  object space 139776K, 57% used [0x0000000081400000,0x0000000086267d68,0x0000000089c80000)
 Metaspace       used 70377K, capacity 71915K, committed 72064K, reserved 1112064K
  class space    used 8254K, capacity 8537K, committed 8576K, reserved 1048576K
}
Event: 1226.215 GC heap before
{Heap before GC invocations=36 (full 6):
 PSYoungGen      total 641536K, used 610187K [0x00000000d5c00000, 0x0000000100000000, 0x0000000100000000)
  eden space 590848K, 100% used [0x00000000d5c00000,0x00000000f9d00000,0x00000000f9d00000)
  from space 50688K, 38% used [0x00000000f9d00000,0x00000000fafe2ed0,0x00000000fce80000)
  to   space 48128K, 0% used [0x00000000fd100000,0x00000000fd100000,0x0000000100000000)
 ParOldGen       total 139776K, used 80287K [0x0000000081400000, 0x0000000089c80000, 0x00000000d5c00000)
  object space 139776K, 57% used [0x0000000081400000,0x0000000086267d68,0x0000000089c80000)
 Metaspace       used 70734K, capacity 72253K, committed 72576K, reserved 1114112K
  class space    used 8272K, capacity 8540K, committed 8576K, reserved 1048576K
Event: 1226.229 GC heap after
Heap after GC invocations=36 (full 6):
 PSYoungGen      total 640000K, used 32268K [0x00000000d5c00000, 0x0000000100000000, 0x0000000100000000)
  eden space 591872K, 0% used [0x00000000d5c00000,0x00000000d5c00000,0x00000000f9e00000)
  from space 48128K, 67% used [0x00000000fd100000,0x00000000ff083390,0x0000000100000000)
  to   space 50176K, 0% used [0x00000000f9e00000,0x00000000f9e00000,0x00000000fcf00000)
 ParOldGen       total 139776K, used 80295K [0x0000000081400000, 0x0000000089c80000, 0x00000000d5c00000)
  object space 139776K, 57% used [0x0000000081400000,0x0000000086269d68,0x0000000089c80000)
 Metaspace       used 70734K, capacity 72253K, committed 72576K, reserved 1114112K
  class space    used 8272K, capacity 8540K, committed 8576K, reserved 1048576K
}
Event: 1233.078 GC heap before
{Heap before GC invocations=37 (full 6):
 PSYoungGen      total 640000K, used 624140K [0x00000000d5c00000, 0x0000000100000000, 0x0000000100000000)
  eden space 591872K, 100% used [0x00000000d5c00000,0x00000000f9e00000,0x00000000f9e00000)
  from space 48128K, 67% used [0x00000000fd100000,0x00000000ff083390,0x0000000100000000)
  to   space 50176K, 0% used [0x00000000f9e00000,0x00000000f9e00000,0x00000000fcf00000)
 ParOldGen       total 139776K, used 80295K [0x0000000081400000, 0x0000000089c80000, 0x00000000d5c00000)
  object space 139776K, 57% used [0x0000000081400000,0x0000000086269d68,0x0000000089c80000)
 Metaspace       used 70850K, capacity 72399K, committed 72576K, reserved 1114112K
  class space    used 8277K, capacity 8543K, committed 8576K, reserved 1048576K
Event: 1233.099 GC heap after
Heap after GC invocations=37 (full 6):
 PSYoungGen      total 636416K, used 44272K [0x00000000d5c00000, 0x0000000100000000, 0x0000000100000000)
  eden space 591872K, 0% used [0x00000000d5c00000,0x00000000d5c00000,0x00000000f9e00000)
  from space 44544K, 99% used [0x00000000f9e00000,0x00000000fc93c288,0x00000000fc980000)
  to   space 55808K, 0% used [0x00000000fc980000,0x00000000fc980000,0x0000000100000000)
 ParOldGen       total 139776K, used 80295K [0x0000000081400000, 0x0000000089c80000, 0x00000000d5c00000)
  object space 139776K, 57% used [0x0000000081400000,0x0000000086269d68,0x0000000089c80000)
 Metaspace       used 70850K, capacity 72399K, committed 72576K, reserved 1114112K
  class space    used 8277K, capacity 8543K, committed 8576K, reserved 1048576K
}
Event: 1530.328 GC heap before
{Heap before GC invocations=38 (full 6):
 PSYoungGen      total 636416K, used 636144K [0x00000000d5c00000, 0x0000000100000000, 0x0000000100000000)
  eden space 591872K, 100% used [0x00000000d5c00000,0x00000000f9e00000,0x00000000f9e00000)
  from space 44544K, 99% used [0x00000000f9e00000,0x00000000fc93c288,0x00000000fc980000)
  to   space 55808K, 0% used [0x00000000fc980000,0x00000000fc980000,0x0000000100000000)
 ParOldGen       total 139776K, used 80295K [0x0000000081400000, 0x0000000089c80000, 0x00000000d5c00000)
  object space 139776K, 57% used [0x0000000081400000,0x0000000086269d68,0x0000000089c80000)
 Metaspace       used 71664K, capacity 73365K, committed 73472K, reserved 1114112K
  class space    used 8368K, capacity 8688K, committed 8704K, reserved 1048576K
Event: 1530.339 GC heap after
Heap after GC invocations=38 (full 6):
 PSYoungGen      total 604672K, used 15105K [0x00000000d5c00000, 0x00000000fef00000, 0x0000000100000000)
  eden space 566272K, 0% used [0x00000000d5c00000,0x00000000d5c00000,0x00000000f8500000)
  from space 38400K, 39% used [0x00000000fc980000,0x00000000fd840488,0x00000000fef00000)
  to   space 54272K, 0% used [0x00000000f8500000,0x00000000f8500000,0x00000000fba00000)
 ParOldGen       total 139776K, used 80303K [0x0000000081400000, 0x0000000089c80000, 0x00000000d5c00000)
  object space 139776K, 57% used [0x0000000081400000,0x000000008626bd68,0x0000000089c80000)
 Metaspace       used 71664K, capacity 73365K, committed 73472K, reserved 1114112K
  class space    used 8368K, capacity 8688K, committed 8704K, reserved 1048576K
}

